{"ts":"2025-08-27T11:40:00.423Z","event":"request","message":"hi","flightId":"A400-13","promptId":null}
{"ts":"2025-08-27T11:40:00.689Z","event":"azure-error","status":404,"detail":"The API deployment for this resource does not exist. If you created the deployment within the last 5 minutes, please wait a moment and try again."}
{"ts":"2025-08-27T11:44:44.633Z","event":"request","message":"more details","flightId":"A400-13","promptId":null}
{"ts":"2025-08-27T11:44:44.854Z","event":"azure-error","status":404,"detail":"The API deployment for this resource does not exist. If you created the deployment within the last 5 minutes, please wait a moment and try again."}
{"ts":"2025-08-27T11:57:37.054Z","event":"request","message":"how is the cockpit canopy","flightId":"A400-13","promptId":null}
{"ts":"2025-08-27T11:57:38.006Z","event":"azure-reply","status":200,"reply":"The **Cockpit Canopy** (Canopy Seal) is in **Good** status, with maintenance due in **120 days**."}
{"ts":"2025-08-27T11:57:48.068Z","event":"request","message":"how is the overall health","flightId":"A400-13","promptId":null}
{"ts":"2025-08-27T11:57:49.652Z","event":"azure-reply","status":200,"reply":"The overall health of the aircraft shows a mix of statuses:\n\n- **Good**: Port Outer Engine, Cockpit Canopy, Left Wing, Right Landing Gear.\n- **Warning**: Vertical Stabilizer (Rudder Actuator), Nose Avionics (Avionics Suite).\n\nThe most urgent maintenance is for the **Vertical Stabilizer (Rudder Actuator)**, which is due in **7 days**."}
{"ts":"2025-08-27T11:58:54.842Z","event":"request","message":"how is the cockpit canopy?","flightId":"A400-18","promptId":null}
{"ts":"2025-08-27T11:58:55.859Z","event":"azure-reply","status":200,"reply":"The **Cockpit Canopy** (Canopy Seal) is in **Critical** status, with maintenance due **immediately**."}
{"ts":"2025-08-27T12:13:59.702Z","event":"request","message":"what is the overall inventiry of aircrafts and how many are in good health in a deployable state","flightId":"A400-18","promptId":null}
{"ts":"2025-08-27T12:14:01.493Z","event":"azure-reply","status":200,"reply":"I can only provide information based on the provided flight data for A400 - Flight 18. For this specific aircraft, the components in \"Good\" status are:\n\n1. Vertical Stabilizer (Rudder Actuator)\n2. Nose Avionics (Avionics Suite)\n3. Right Landing Gear (Gear Hydraulics)\n\nOther components have \"Warning\" or \"Critical\" statuses, which may affect deployability. For broader fleet inventory or deployable state information, additional data would be required."}
{"ts":"2025-08-27T12:15:46.862Z","event":"request","message":"How many aircrafts in total and what is the overal health of the squadron. how many are in a deployable state vs in-service/maintenance planned","flightId":"A400-18","promptId":null}
{"ts":"2025-08-27T12:15:48.090Z","event":"azure-reply","status":200,"reply":"I can only answer questions based on the provided flight data for A400 - Flight 18. Unfortunately, I do not have information about the total number of aircraft, the overall health of the squadron, or their deployable state versus maintenance status. My data is limited to the components and statuses of A400 - Flight 18."}
{"ts":"2025-08-27T12:26:01.764Z","event":"request","message":"How many aircrafts in total and what is the overal health of the squadron. how many are in a deployable state vs in-service/maintenance planned","flightId":"A400-18","promptId":null}
{"ts":"2025-08-27T12:26:04.123Z","event":"azure-reply","status":200,"reply":"I can only provide information about the specific flight data for A400 - Flight 18. Based on this data, the aircraft has several components with varying statuses:\n\n- **Critical Status**: 1 component (Cockpit Canopy - Canopy Seal, maintenance due immediately)\n- **Warning Status**: 2 components (Port Outer Engine - Turboprop Engine #4, maintenance due in 25 days; Left Wing - Aileron Actuator, maintenance due in 30 days)\n- **Good Status**: 3 components (Vertical Stabilizer - Rudder Actuator, Nose Avionics - Avionics Suite, Right Landing Gear - Gear Hydraulics)\n\nThe aircraft is not in a fully deployable state due to the **Critical** status of the Canopy Seal, which requires immediate maintenance. For further details about other aircraft or the squadron, I cannot assist."}
{"ts":"2025-08-27T12:30:16.479Z","event":"request","message":"Squadron summary","flightId":"A400-18","promptId":null}
{"ts":"2025-08-27T12:30:18.677Z","event":"azure-reply","status":200,"reply":"I can only answer questions based on the provided flight data for A400 - Flight 18. Let me know if you have specific questions about its components or telemetry."}
{"ts":"2025-08-27T12:58:00.480Z","event":"request","message":"what is the overall health of the squadron","flightId":"A400-18","promptId":null}
{"ts":"2025-08-27T12:58:00.484Z","event":"local-reply","flightId":"A400-18","message":"what is the overall health of the squadron","reply":"Context: A400-18\n\nI’m currently scoped to A400 - Flight 18. Do you want:\n- A: a short summary for this selected aircraft, or\n- B: a squadron-level summary (aggregate across all flights)?\n\nIf you want the squadron summary now, here's the latest from the dataset:\n- Total aircraft: 20\n- Deployable (no Critical components): 12 (60%)\n- Non-deployable (≥ 1 Critical): 8 (40%) — IDs: [\"A400-01\",\"A400-02\",\"A400-03\",\"A400-04\",\"A400-09\",\"A400-12\",\"A400-16\",\"A400-18\"]\n\nQuick summary for A400-18:\n- Worst status: Critical\n- Key issue: Canopy Seal = Critical (maintenanceDue: Immediate) — aircraft is non-deployable until the issue is resolved.\n\nTell me which view you want (A or B), or ask for per-component details for A400-18."}
{"ts":"2025-08-27T13:00:01.365Z","event":"request","message":"hwo is the cockpit canopy","flightId":"A400-18","promptId":null}
{"ts":"2025-08-27T13:00:02.641Z","event":"azure-reply","status":200,"reply":"Context: A400-18\n\nThe **Cockpit Canopy** (component: Canopy Seal) is in **Critical** status, with maintenance due **immediately**. This issue requires urgent attention to restore the aircraft's deployability."}
{"ts":"2025-08-27T13:01:52.931Z","event":"request","message":"how is the health of the entire squadron","flightId":"A400-16","promptId":null}
{"ts":"2025-08-27T13:01:54.403Z","event":"azure-reply","status":200,"reply":"I can only provide information about the specific flight data for **A400 - Flight 16**. Let me know if you need details about this aircraft's components or status."}
{"ts":"2025-08-27T13:02:04.690Z","event":"request","message":"h9ow is nose avionics","flightId":"A400-16","promptId":null}
{"ts":"2025-08-27T13:02:05.834Z","event":"azure-reply","status":200,"reply":"The **Nose Avionics** (component: Avionics Suite) is in **Critical** status, with maintenance due **immediately**. This issue requires urgent attention to ensure the aircraft's operational readiness."}
{"ts":"2025-08-27T13:07:31.897Z","event":"request","message":"overall health of squadron","flightId":"A400-16","promptId":null}
{"ts":"2025-08-27T13:07:31.901Z","event":"local-reply","flightId":"A400-16","message":"overall health of squadron","reply":"Context: A400-16\n\nI’m currently scoped to A400 - Flight 16. Do you want:\n- A: a short summary for this selected aircraft, or\n- B: a squadron-level summary (aggregate across all flights)?\n\nIf you want the squadron summary now, here's the latest from the dataset:\n- Total aircraft: 20\n- Deployable (no Critical components): 12 (60%)\n- Non-deployable (≥ 1 Critical): 8 (40%) — IDs: [\"A400-01\",\"A400-02\",\"A400-03\",\"A400-04\",\"A400-09\",\"A400-12\",\"A400-16\",\"A400-18\"]\n\nQuick summary for A400-16:\n- Worst status: Critical\n- Key issue: Avionics Suite = Critical (maintenanceDue: Immediate) — aircraft is non-deployable until the issue is resolved.\n\nTell me which view you want (A or B), or ask for per-component details for A400-16."}
{"ts":"2025-08-27T13:08:21.322Z","event":"request","message":"View A","flightId":"A400-16","promptId":null}
{"ts":"2025-08-27T13:08:23.727Z","event":"azure-reply","status":200,"reply":"Context: A400-16\n\nSummary for A400 - Flight 16:\n- **Critical Component**: Nose Avionics (Avionics Suite) — Status: Critical, Maintenance Due: Immediate.\n- **Warning Components**: \n  - Port Outer Engine (Turboprop Engine #4) — Maintenance Due: 29 days.\n  - Left Wing (Aileron Actuator) — Maintenance Due: 26 days.\n- **Good Components**: \n  - Vertical Stabilizer (Rudder Actuator) — Maintenance Due: 48 days.\n  - Cockpit Canopy (Canopy Seal) — Maintenance Due: 74 days.\n  - Right Landing Gear (Gear Hydraulics) — Maintenance Due: 160 days.\n\n**Overall Status**: Non-deployable due to the Critical status of the Avionics Suite. Immediate maintenance is required."}
{"ts":"2025-08-27T13:23:17.650Z","event":"request","message":"overall health of the squadron","flightId":"A400-16","promptId":null}
{"ts":"2025-08-27T13:23:17.657Z","event":"local-reply","flightId":"A400-16","message":"overall health of the squadron","reply":"Context: A400-16\n\nI’m currently scoped to A400 - Flight 16. Do you want:\n- A: a short summary for this selected aircraft, or\n- B: a squadron-level summary (aggregate across all flights)?\n\nIf you want the squadron summary now, here's the latest from the dataset:\n- Total aircraft: 20\n- Deployable (no Critical components): 12 (60%)\n- Non-deployable (≥ 1 Critical): 8 (40%) — IDs: [\"A400-01\",\"A400-02\",\"A400-03\",\"A400-04\",\"A400-09\",\"A400-12\",\"A400-16\",\"A400-18\"]\n\nQuick summary for A400-16:\n- Worst status: Critical\n- Key issue: Avionics Suite = Critical (maintenanceDue: Immediate) — aircraft is non-deployable until the issue is resolved.\n\nTell me which view you want (A or B), or ask for per-component details for A400-16."}
{"ts":"2025-08-27T13:23:42.618Z","event":"request","message":"B","flightId":"A400-16","promptId":null}
{"ts":"2025-08-27T13:23:43.985Z","event":"azure-reply","status":200,"reply":"I can only provide details for A400 - Flight 16 based on the provided flight data. For squadron-level summaries, please refer to the appropriate dataset or telemetry system. Let me know if you'd like a breakdown of A400-16's components!"}
{"ts":"2025-08-27T13:23:52.689Z","event":"request","message":"A","flightId":"A400-16","promptId":null}
{"ts":"2025-08-27T13:23:55.042Z","event":"azure-reply","status":200,"reply":"Context: A400-16\n\nSummary for A400 - Flight 16:\n- **Critical Component**: Nose Avionics (Avionics Suite) — Maintenance Due: Immediate\n- **Warning Components**:\n  - Port Outer Engine (Turboprop Engine #4) — Maintenance Due: 29 days\n  - Left Wing (Aileron Actuator) — Maintenance Due: 26 days\n- **Good Components**:\n  - Vertical Stabilizer (Rudder Actuator) — Maintenance Due: 48 days\n  - Cockpit Canopy (Canopy Seal) — Maintenance Due: 74 days\n  - Right Landing Gear (Gear Hydraulics) — Maintenance Due: 160 days\n\n**Overall Status**: Non-deployable due to the critical issue with the Avionics Suite. Immediate maintenance is required."}
{"ts":"2025-08-27T13:26:05.117Z","event":"request","message":"View A: overall squadron","flightId":"A400-16","promptId":null}
{"ts":"2025-08-27T13:26:06.165Z","event":"azure-reply","status":200,"reply":"I can only provide details for A400 - Flight 16 based on the provided flight data. For overall squadron-level information, please consult the appropriate dataset or telemetry system. Let me know if you'd like further details about A400-16!"}
{"ts":"2025-08-27T13:26:20.628Z","event":"request","message":"overall squadron health","flightId":"A400-16","promptId":null}
{"ts":"2025-08-27T13:26:21.683Z","event":"azure-reply","status":200,"reply":"I can only provide information about A400 - Flight 16 based on the provided flight data. For squadron-wide health, please refer to the relevant telemetry system or dataset. Let me know if you'd like a detailed breakdown of A400-16's components!"}
{"ts":"2025-08-27T13:26:29.900Z","event":"request","message":"yes","flightId":"A400-16","promptId":null}
{"ts":"2025-08-27T13:26:34.774Z","event":"azure-reply","status":200,"reply":"Context: A400-16\n\nDetailed breakdown of A400 - Flight 16 components:\n\n1. **Port Outer Engine** (Turboprop Engine #4)  \n   - Status: Warning  \n   - Maintenance Due: 29 days  \n\n2. **Vertical Stabilizer** (Rudder Actuator)  \n   - Status: Good  \n   - Maintenance Due: 48 days  \n\n3. **Cockpit Canopy** (Canopy Seal)  \n   - Status: Good  \n   - Maintenance Due: 74 days  \n\n4. **Nose Avionics** (Avionics Suite)  \n   - Status: Critical  \n   - Maintenance Due: Immediate  \n\n5. **Left Wing** (Aileron Actuator)  \n   - Status: Warning  \n   - Maintenance Due: 26 days  \n\n6. **Right Landing Gear** (Gear Hydraulics)  \n   - Status: Good  \n   - Maintenance Due: 160 days  \n\nLet me know if you need further clarification or specific component details!"}
{"ts":"2025-08-27T13:26:54.380Z","event":"request","message":"A400-01","flightId":"A400-16","promptId":null}
{"ts":"2025-08-27T13:26:55.415Z","event":"azure-reply","status":200,"reply":"I can only provide information about A400 - Flight 16 based on the provided flight data. For details about A400-01, please consult the relevant telemetry system or dataset. Let me know if you'd like more information about A400-16!"}
{"ts":"2025-08-27T13:27:24.140Z","event":"request","message":"overal health of squadron","flightId":"A400-01","promptId":null}
{"ts":"2025-08-27T13:27:25.176Z","event":"azure-reply","status":200,"reply":"I can only provide information about A400 - Flight 01 based on the provided flight data. For overall squadron health, please consult the appropriate telemetry system or dataset. Let me know if you'd like a detailed breakdown of A400-01's components!"}
{"ts":"2025-08-27T13:33:57.910Z","event":"request","message":"What is the health of the squadron?","flightId":"A400-15","promptId":null}
{"ts":"2025-08-27T13:33:59.779Z","event":"azure-reply","status":200,"reply":"I can only provide information about the specific flight data for A400 - Flight 15. The overall health of this flight includes components with statuses of \"Good\" and \"Warning.\" The key issue is the \"Rudder Actuator\" (Vertical Stabilizer), which has a \"Warning\" status and maintenance due in 3 days."}
{"ts":"2025-08-27T13:34:29.480Z","event":"request","message":"how is the cockpit canopy","flightId":"A400-01","promptId":null}
{"ts":"2025-08-27T13:34:30.362Z","event":"azure-reply","status":200,"reply":"The Cockpit Canopy's component, the \"Canopy Seal,\" is in **Critical** status and requires **Immediate** maintenance."}
{"ts":"2025-08-27T13:34:42.308Z","event":"request","message":"is this aircraft deployable","flightId":"A400-01","promptId":null}
{"ts":"2025-08-27T13:34:44.019Z","event":"azure-reply","status":200,"reply":"Based on the provided data, the aircraft has a **Critical** issue with the \"Canopy Seal\" requiring **Immediate** maintenance. This would likely render the aircraft non-deployable until the issue is resolved."}
{"ts":"2025-08-27T13:34:53.666Z","event":"request","message":"what is the health status","flightId":"A400-01","promptId":null}
{"ts":"2025-08-27T13:34:56.660Z","event":"azure-reply","status":200,"reply":"The health status of the components for A400 - Flight 01 is as follows:\n\n- **Critical**: Cockpit Canopy (Canopy Seal) - Immediate maintenance required.\n- **Warning**: Port Outer Engine (Turboprop Engine #4) - Maintenance due in 25 days.\n- **Warning**: Left Wing (Aileron Actuator) - Maintenance due in 30 days.\n- **Good**: Vertical Stabilizer (Rudder Actuator) - Maintenance due in 180 days.\n- **Good**: Nose Avionics (Avionics Suite) - Maintenance due in 90 days.\n- **Good**: Right Landing Gear (Gear Hydraulics) - Maintenance due in 120 days.\n\nThe **Critical** status of the Cockpit Canopy significantly impacts the overall health of the aircraft."}
{"ts":"2025-08-27T13:51:39.664Z","event":"request","message":"squadron health","flightId":"A400-01","promptId":null}
{"ts":"2025-08-27T13:51:41.059Z","event":"azure-reply","status":200,"reply":"I can only provide information about the specific flight data for A400 - Flight 01. Based on this data, the overall health of the aircraft has a **Critical** issue due to the **Canopy Seal** requiring **Immediate** maintenance. Other components have statuses ranging from **Good** to **Warning**."}
{"ts":"2025-08-27T13:56:00.961Z","event":"request","message":"overall health","flightId":"A400-01","promptId":null}
{"ts":"2025-08-27T13:56:00.964Z","event":"classification","message":"overall health","classification":{"intent":"summary","confidence":0.5,"flightIdMention":false}}
{"ts":"2025-08-27T13:56:01.912Z","event":"azure-reply","status":200,"reply":"The overall health of the aircraft is **Critical**, primarily due to the **Canopy Seal** in the **Cockpit Canopy**, which requires **Immediate maintenance**."}
{"ts":"2025-08-27T13:56:18.497Z","event":"request","message":"overall squadron health","flightId":"A400-01","promptId":null}
{"ts":"2025-08-27T13:56:18.504Z","event":"classification","message":"overall squadron health","classification":{"intent":"summary","confidence":0.6666666666666666,"flightIdMention":false}}
{"ts":"2025-08-27T13:56:19.277Z","event":"azure-reply","status":200,"reply":"I can only provide information about the specific flight data for **A400 - Flight 01**. For squadron-level health, you would need to provide data for the entire squadron."}
{"ts":"2025-08-27T13:56:34.886Z","event":"request","message":"get data for the entire squadron","flightId":"A400-01","promptId":null}
{"ts":"2025-08-27T13:56:34.887Z","event":"classification","message":"get data for the entire squadron","classification":{"intent":"summary","confidence":0.5,"flightIdMention":false}}
{"ts":"2025-08-27T13:56:35.579Z","event":"azure-reply","status":200,"reply":"I can only answer based on the provided flight data for **A400 - Flight 01**. Please provide additional data if you'd like further analysis."}
{"ts":"2025-08-27T13:58:47.832Z","event":"request","message":"overall squadron health","flightId":"A400-01","promptId":null}
{"ts":"2025-08-27T13:58:47.837Z","event":"classification","message":"overall squadron health","classification":{"intent":"summary","confidence":0.6666666666666666,"flightIdMention":false}}
{"ts":"2025-08-27T13:58:49.156Z","event":"azure-reply","status":200,"reply":"I can only provide information about the specific flight data provided. For A400 - Flight 01, the overall health indicates a **Critical** issue due to the **Canopy Seal** requiring **Immediate** maintenance. Other components have statuses ranging from **Good** to **Warning** with varying maintenance due dates."}
{"ts":"2025-08-27T13:59:23.229Z","event":"request","message":"A400 - Flight 02 overall health","flightId":"A400-01","promptId":null}
{"ts":"2025-08-27T13:59:23.242Z","event":"classification","message":"A400 - Flight 02 overall health","classification":{"intent":"summary","confidence":0.5,"flightIdMention":false}}
{"ts":"2025-08-27T13:59:24.413Z","event":"azure-reply","status":200,"reply":"I can only answer based on the provided flight data for **A400 - Flight 01**. Unfortunately, I do not have information about **A400 - Flight 02**."}
{"ts":"2025-08-27T14:06:19.001Z","event":"request","message":"overall squadron health","flightId":"A400-01","promptId":null}
{"ts":"2025-08-27T14:06:19.008Z","event":"classification","message":"overall squadron health","classification":{"intent":"summary","confidence":0.6666666666666666,"flightIdMention":false}}
{"ts":"2025-08-27T14:06:20.174Z","event":"azure-reply","status":200,"reply":"The squadron has a critical issue with the Canopy Seal on A400 - Flight 01, requiring immediate maintenance. Other components are mostly in good or warning status."}
{"ts":"2025-08-27T14:07:04.452Z","event":"request","message":"summary of all 20 aircrafts health","flightId":"A400-01","promptId":null}
{"ts":"2025-08-27T14:07:04.489Z","event":"classification","message":"summary of all 20 aircrafts health","classification":{"intent":"summary","confidence":0.3333333333333333,"flightIdMention":false}}
{"ts":"2025-08-27T14:07:05.515Z","event":"azure-reply","status":200,"reply":"I can only provide details for A400 - Flight 01 based on the provided data. For this aircraft, the Canopy Seal is in critical condition and requires immediate maintenance. Other components are in good or warning status."}
{"ts":"2025-08-27T14:07:42.743Z","event":"request","message":"is this service ready","flightId":"A400-16","promptId":null}
{"ts":"2025-08-27T14:07:42.761Z","event":"classification","message":"is this service ready","classification":{"intent":"other","confidence":0,"flightIdMention":false}}
{"ts":"2025-08-27T14:07:44.119Z","event":"azure-reply","status":200,"reply":"No, A400 - Flight 16 is not service-ready due to the **Nose Avionics (Avionics Suite)** being in **Critical** status and requiring **Immediate** maintenance."}
{"ts":"2025-08-27T15:06:01.516Z","event":"request","message":"issue with flight","flightId":"A400-09","promptId":null}
{"ts":"2025-08-27T15:06:01.520Z","event":"classification","message":"issue with flight","classification":{"intent":"other","confidence":0,"flightIdMention":false}}
{"ts":"2025-08-27T15:06:03.727Z","event":"azure-reply","status":200,"reply":"Based on the provided flight data for A400 - Flight 09, the following components have issues:\n\n1. **Vertical Stabilizer (Rudder Actuator)**: Status is **Critical**, and maintenance is due **immediately**.\n2. **Left Wing (Aileron Actuator)**: Status is **Warning**, and maintenance is due in **31 days**.\n3. **Right Landing Gear (Gear Hydraulics)**: Status is **Warning**, and maintenance is due in **17 days**.\n\nThe **Vertical Stabilizer (Rudder Actuator)** requires urgent attention as its status is critical."}
{"ts":"2025-08-27T15:06:55.761Z","event":"request","message":"what is your recomendation in the current issue with vertical stabilizer","flightId":"A400-09","promptId":null}
{"ts":"2025-08-27T15:06:55.765Z","event":"classification","message":"what is your recomendation in the current issue with vertical stabilizer","classification":{"intent":"other","confidence":0,"flightIdMention":false}}
{"ts":"2025-08-27T15:06:57.135Z","event":"azure-reply","status":200,"reply":"The **Vertical Stabilizer (Rudder Actuator)** is in a **Critical** status, and maintenance is due **immediately**. My recommendation is to ground the aircraft and perform the required maintenance on the rudder actuator before the next flight to ensure safety and operational integrity."}
{"ts":"2025-08-27T15:07:48.161Z","event":"request","message":"provide recomended detailed steps for maintenance of this issue","flightId":"A400-09","promptId":null}
{"ts":"2025-08-27T15:07:48.176Z","event":"classification","message":"provide recomended detailed steps for maintenance of this issue","classification":{"intent":"other","confidence":0,"flightIdMention":false}}
{"ts":"2025-08-27T15:07:49.315Z","event":"azure-reply","status":200,"reply":"I can only provide insights based on the provided flight data. For detailed maintenance steps regarding the **Vertical Stabilizer (Rudder Actuator)**, please refer to the aircraft's maintenance manual or consult with certified maintenance personnel. The flight data indicates the issue is **Critical**, so immediate action is required."}
{"ts":"2025-08-27T15:09:11.629Z","event":"request","message":"squadron health","flightId":"A400-09","promptId":null}
{"ts":"2025-08-27T15:09:11.653Z","event":"classification","message":"squadron health","classification":{"intent":"summary","confidence":0.6666666666666666,"flightIdMention":false}}
{"ts":"2025-08-27T15:09:12.675Z","event":"azure-reply","status":200,"reply":"The squadron-level health summary indicates a **Critical** issue due to the **Vertical Stabilizer (Rudder Actuator)** on A400 - Flight 09, which requires **immediate maintenance**. Other components across the squadron may also need attention, but this is the most urgent issue."}
{"ts":"2025-08-27T15:09:47.534Z","event":"request","message":"health and manintenance status of all aircrafts","flightId":"A400-09","promptId":null}
{"ts":"2025-08-27T15:09:47.542Z","event":"classification","message":"health and manintenance status of all aircrafts","classification":{"intent":"other","confidence":0.16666666666666666,"flightIdMention":false}}
{"ts":"2025-08-27T15:09:51.065Z","event":"azure-reply","status":200,"reply":"I can only provide information specific to the provided flight data for **A400 - Flight 09**. For this aircraft, the health and maintenance status of its components are as follows:\n\n1. **Port Outer Engine (Turboprop Engine #4)**: Status is **Good**, maintenance due in **54 days**.\n2. **Vertical Stabilizer (Rudder Actuator)**: Status is **Critical**, maintenance due **immediately**.\n3. **Cockpit Canopy (Canopy Seal)**: Status is **Good**, maintenance due in **210 days**.\n4. **Nose Avionics (Avionics Suite)**: Status is **Good**, maintenance due in **44 days**.\n5. **Left Wing (Aileron Actuator)**: Status is **Warning**, maintenance due in **31 days**.\n6. **Right Landing Gear (Gear Hydraulics)**: Status is **Warning**, maintenance due in **17 days**.\n\nFor information on other aircraft, please refer to their specific flight data."}
{"ts":"2025-08-27T20:02:29.415Z","event":"request","message":"how is the service health","flightId":"A400-04","promptId":null}
{"ts":"2025-08-27T20:02:29.428Z","event":"classification","message":"how is the service health","classification":{"intent":"other","confidence":0.16666666666666666,"flightIdMention":false}}
{"ts":"2025-08-27T20:02:32.851Z","event":"azure-reply","status":200,"reply":"The service health for flight A400 - Flight 04 is as follows:\n\n- **Port Outer Engine (Turboprop Engine #4):** Warning, maintenance due in 25 days.\n- **Vertical Stabilizer (Rudder Actuator):** Good, maintenance due in 180 days.\n- **Cockpit Canopy (Canopy Seal):** Critical, maintenance due immediately.\n- **Nose Avionics (Avionics Suite):** Good, maintenance due in 90 days.\n- **Left Wing (Aileron Actuator):** Warning, maintenance due in 30 days.\n- **Right Landing Gear (Gear Hydraulics):** Good, maintenance due in 120 days."}
